<?xml version="1.0" encoding="UTF-8"?>
<!-- Generated by org.testng.reporters.JUnitReportReporter -->
<testsuite skipped="0" hostname="gen-003" name="com.AudenTest.testCases.AudenSliderTestRaw" tests="1" failures="0" timestamp="2020-07-11T23:15:49 BST" time="18.063" errors="0">
  <testcase name="dragslider" time="18.063" classname="com.AudenTest.testCases.AudenSliderTestRaw"/>
  <system-out/>
</testsuite> <!-- com.AudenTest.testCases.AudenSliderTestRaw -->
